<?xml version="1.0" encoding="UTF-8"?>
<coverage generated="1636359002569" clover="3.2.0">
  <project timestamp="1636359002570" name="All files">
    <metrics statements="66" coveredstatements="65" conditionals="20" coveredconditionals="19" methods="18" coveredmethods="18" elements="104" coveredelements="102" complexity="0" loc="66" ncloc="66" packages="1" files="3" classes="3"/>
    <file name="maze.ts" path="/Users/benjaminvinnick/Desktop/mazesolver/src/maze.ts">
      <metrics statements="36" coveredstatements="35" conditionals="18" coveredconditionals="17" methods="4" coveredmethods="4"/>
      <line num="12" count="1" type="stmt"/>
      <line num="15" count="16" type="cond" truecount="3" falsecount="0"/>
      <line num="16" count="12" type="stmt"/>
      <line num="17" count="12" type="stmt"/>
      <line num="19" count="12" type="stmt"/>
      <line num="20" count="12" type="stmt"/>
      <line num="21" count="48" type="stmt"/>
      <line num="22" count="48" type="stmt"/>
      <line num="23" count="204" type="stmt"/>
      <line num="25" count="48" type="stmt"/>
      <line num="29" count="12" type="stmt"/>
      <line num="31" count="12" type="stmt"/>
      <line num="32" count="120" type="cond" truecount="4" falsecount="0"/>
      <line num="35" count="12" type="stmt"/>
      <line num="36" count="340" type="stmt"/>
      <line num="39" count="12" type="stmt"/>
      <line num="41" count="468" type="cond" truecount="6" falsecount="0"/>
      <line num="43" count="220" type="cond" truecount="1" falsecount="0"/>
      <line num="45" count="120" type="cond" truecount="2" falsecount="0"/>
      <line num="46" count="8" type="stmt"/>
      <line num="47" count="8" type="stmt"/>
      <line num="49" count="112" type="stmt"/>
      <line num="50" count="112" type="stmt"/>
      <line num="54" count="460" type="stmt"/>
      <line num="57" count="12" type="stmt"/>
      <line num="59" count="123" type="stmt"/>
      <line num="60" count="123" type="stmt"/>
      <line num="61" count="123" type="stmt"/>
      <line num="64" count="123" type="cond" truecount="1" falsecount="0"/>
      <line num="65" count="8" type="stmt"/>
      <line num="67" count="115" type="cond" truecount="0" falsecount="1"/>
      <line num="68" count="0" type="stmt"/>
      <line num="70" count="115" type="stmt"/>
      <line num="71" count="115" type="stmt"/>
      <line num="73" count="4" type="stmt"/>
      <line num="79" count="1" type="stmt"/>
    </file>
    <file name="queue.ts" path="/Users/benjaminvinnick/Desktop/mazesolver/src/queue.ts">
      <metrics statements="15" coveredstatements="15" conditionals="1" coveredconditionals="1" methods="7" coveredmethods="7"/>
      <line num="5" count="2" type="stmt"/>
      <line num="9" count="11" type="stmt"/>
      <line num="12" count="2" type="stmt"/>
      <line num="13" count="65" type="stmt"/>
      <line num="16" count="2" type="stmt"/>
      <line num="17" count="65" type="cond" truecount="1" falsecount="0"/>
      <line num="18" count="64" type="stmt"/>
      <line num="22" count="2" type="stmt"/>
      <line num="23" count="130" type="stmt"/>
      <line num="26" count="2" type="stmt"/>
      <line num="27" count="65" type="stmt"/>
      <line num="30" count="2" type="stmt"/>
      <line num="31" count="65" type="stmt"/>
      <line num="33" count="2" type="stmt"/>
      <line num="35" count="2" type="stmt"/>
    </file>
    <file name="stack.ts" path="/Users/benjaminvinnick/Desktop/mazesolver/src/stack.ts">
      <metrics statements="15" coveredstatements="15" conditionals="1" coveredconditionals="1" methods="7" coveredmethods="7"/>
      <line num="5" count="2" type="stmt"/>
      <line num="9" count="13" type="stmt"/>
      <line num="12" count="2" type="stmt"/>
      <line num="13" count="65" type="stmt"/>
      <line num="16" count="2" type="stmt"/>
      <line num="17" count="64" type="cond" truecount="1" falsecount="0"/>
      <line num="18" count="63" type="stmt"/>
      <line num="22" count="2" type="stmt"/>
      <line num="23" count="128" type="stmt"/>
      <line num="26" count="2" type="stmt"/>
      <line num="27" count="65" type="stmt"/>
      <line num="30" count="2" type="stmt"/>
      <line num="31" count="64" type="stmt"/>
      <line num="33" count="2" type="stmt"/>
      <line num="35" count="2" type="stmt"/>
    </file>
  </project>
</coverage>
