{"/Users/benjaminvinnick/Desktop/mazesolver/src/maze.ts": {"path":"/Users/benjaminvinnick/Desktop/mazesolver/src/maze.ts","statementMap":{"0":{"start":{"line":12,"column":18},"end":{"line":74,"column":1}},"1":{"start":{"line":15,"column":1},"end":{"line":15,"column":57}},"2":{"start":{"line":15,"column":45},"end":{"line":15,"column":57}},"3":{"start":{"line":16,"column":23},"end":{"line":16,"column":34}},"4":{"start":{"line":17,"column":24},"end":{"line":17,"column":38}},"5":{"start":{"line":19,"column":40},"end":{"line":19,"column":42}},"6":{"start":{"line":20,"column":1},"end":{"line":26,"column":null}},"7":{"start":{"line":20,"column":22},"end":{"line":20,"column":23}},"8":{"start":{"line":21,"column":28},"end":{"line":21,"column":30}},"9":{"start":{"line":22,"column":2},"end":{"line":24,"column":null}},"10":{"start":{"line":22,"column":23},"end":{"line":22,"column":24}},"11":{"start":{"line":23,"column":3},"end":{"line":23,"column":19}},"12":{"start":{"line":25,"column":2},"end":{"line":25,"column":22}},"13":{"start":{"line":29,"column":1},"end":{"line":29,"column":22}},"14":{"start":{"line":31,"column":16},"end":{"line":33,"column":2}},"15":{"start":{"line":32,"column":2},"end":{"line":32,"column":68}},"16":{"start":{"line":35,"column":16},"end":{"line":37,"column":2}},"17":{"start":{"line":36,"column":2},"end":{"line":36,"column":28}},"18":{"start":{"line":39,"column":22},"end":{"line":55,"column":2}},"19":{"start":{"line":41,"column":2},"end":{"line":53,"column":null}},"20":{"start":{"line":43,"column":3},"end":{"line":52,"column":null}},"21":{"start":{"line":45,"column":4},"end":{"line":51,"column":null}},"22":{"start":{"line":46,"column":5},"end":{"line":46,"column":36}},"23":{"start":{"line":47,"column":5},"end":{"line":47,"column":17}},"24":{"start":{"line":49,"column":5},"end":{"line":49,"column":36}},"25":{"start":{"line":50,"column":5},"end":{"line":50,"column":17}},"26":{"start":{"line":54,"column":2},"end":{"line":54,"column":15}},"27":{"start":{"line":57,"column":1},"end":{"line":72,"column":null}},"28":{"start":{"line":59,"column":23},"end":{"line":59,"column":34}},"29":{"start":{"line":60,"column":18},"end":{"line":60,"column":24}},"30":{"start":{"line":61,"column":18},"end":{"line":61,"column":24}},"31":{"start":{"line":64,"column":2},"end":{"line":66,"column":null}},"32":{"start":{"line":65,"column":3},"end":{"line":65,"column":15}},"33":{"start":{"line":67,"column":2},"end":{"line":69,"column":null}},"34":{"start":{"line":68,"column":3},"end":{"line":68,"column":15}},"35":{"start":{"line":70,"column":2},"end":{"line":70,"column":null}},"36":{"start":{"line":71,"column":2},"end":{"line":71,"column":null}},"37":{"start":{"line":73,"column":1},"end":{"line":73,"column":14}},"38":{"start":{"line":79,"column":1},"end":{"line":79,"column":10}}},"fnMap":{"0":{"name":"(anonymous_0)","decl":{"start":{"line":12,"column":18},"end":{"line":12,"column":19}},"loc":{"start":{"line":12,"column":52},"end":{"line":74,"column":1}}},"1":{"name":"(anonymous_1)","decl":{"start":{"line":31,"column":16},"end":{"line":31,"column":17}},"loc":{"start":{"line":31,"column":30},"end":{"line":33,"column":2}}},"2":{"name":"(anonymous_2)","decl":{"start":{"line":35,"column":16},"end":{"line":35,"column":17}},"loc":{"start":{"line":35,"column":30},"end":{"line":37,"column":2}}},"3":{"name":"(anonymous_3)","decl":{"start":{"line":39,"column":22},"end":{"line":39,"column":23}},"loc":{"start":{"line":39,"column":36},"end":{"line":55,"column":2}}}},"branchMap":{"0":{"loc":{"start":{"line":15,"column":1},"end":{"line":15,"column":57}},"type":"if","locations":[{"start":{"line":15,"column":1},"end":{"line":15,"column":57}}]},"1":{"loc":{"start":{"line":15,"column":5},"end":{"line":15,"column":43}},"type":"binary-expr","locations":[{"start":{"line":15,"column":5},"end":{"line":15,"column":22}},{"start":{"line":15,"column":26},"end":{"line":15,"column":43}}]},"2":{"loc":{"start":{"line":32,"column":9},"end":{"line":32,"column":67}},"type":"cond-expr","locations":[{"start":{"line":32,"column":56},"end":{"line":32,"column":60}},{"start":{"line":32,"column":62},"end":{"line":32,"column":67}}]},"3":{"loc":{"start":{"line":32,"column":10},"end":{"line":32,"column":53}},"type":"binary-expr","locations":[{"start":{"line":32,"column":10},"end":{"line":32,"column":29}},{"start":{"line":32,"column":33},"end":{"line":32,"column":53}}]},"4":{"loc":{"start":{"line":41,"column":2},"end":{"line":53,"column":null}},"type":"if","locations":[{"start":{"line":41,"column":2},"end":{"line":53,"column":null}}]},"5":{"loc":{"start":{"line":41,"column":6},"end":{"line":41,"column":80}},"type":"binary-expr","locations":[{"start":{"line":41,"column":6},"end":{"line":41,"column":16}},{"start":{"line":41,"column":20},"end":{"line":41,"column":33}},{"start":{"line":41,"column":37},"end":{"line":41,"column":47}},{"start":{"line":41,"column":51},"end":{"line":41,"column":65}},{"start":{"line":41,"column":69},"end":{"line":41,"column":80}}]},"6":{"loc":{"start":{"line":43,"column":3},"end":{"line":52,"column":null}},"type":"if","locations":[{"start":{"line":43,"column":3},"end":{"line":52,"column":null}}]},"7":{"loc":{"start":{"line":45,"column":4},"end":{"line":51,"column":null}},"type":"if","locations":[{"start":{"line":45,"column":4},"end":{"line":51,"column":null}},{"start":{"line":48,"column":11},"end":{"line":51,"column":null}}]},"8":{"loc":{"start":{"line":64,"column":2},"end":{"line":66,"column":null}},"type":"if","locations":[{"start":{"line":64,"column":2},"end":{"line":66,"column":null}}]},"9":{"loc":{"start":{"line":67,"column":2},"end":{"line":69,"column":null}},"type":"if","locations":[{"start":{"line":67,"column":2},"end":{"line":69,"column":null}}]}},"s":{"0":1,"1":16,"2":4,"3":12,"4":12,"5":12,"6":12,"7":12,"8":48,"9":48,"10":48,"11":204,"12":48,"13":12,"14":12,"15":120,"16":12,"17":340,"18":12,"19":468,"20":220,"21":120,"22":8,"23":8,"24":112,"25":112,"26":460,"27":12,"28":123,"29":123,"30":123,"31":123,"32":8,"33":115,"34":0,"35":115,"36":115,"37":4,"38":1},"f":{"0":16,"1":120,"2":340,"3":468},"b":{"0":[4],"1":[16,15],"2":[8,112],"3":[120,24],"4":[220],"5":[468,420,404,362,340],"6":[120],"7":[8,112],"8":[8],"9":[0]}}
,"/Users/benjaminvinnick/Desktop/mazesolver/src/queue.ts": {"path":"/Users/benjaminvinnick/Desktop/mazesolver/src/queue.ts","statementMap":{"0":{"start":{"line":5,"column":0},"end":{"line":5,"column":null}},"1":{"start":{"line":9,"column":2},"end":{"line":9,"column":18}},"2":{"start":{"line":12,"column":1},"end":{"line":14,"column":null}},"3":{"start":{"line":13,"column":2},"end":{"line":13,"column":22}},"4":{"start":{"line":16,"column":1},"end":{"line":20,"column":null}},"5":{"start":{"line":17,"column":2},"end":{"line":19,"column":null}},"6":{"start":{"line":18,"column":3},"end":{"line":18,"column":29}},"7":{"start":{"line":22,"column":1},"end":{"line":24,"column":null}},"8":{"start":{"line":23,"column":2},"end":{"line":23,"column":32}},"9":{"start":{"line":26,"column":1},"end":{"line":28,"column":null}},"10":{"start":{"line":27,"column":2},"end":{"line":27,"column":19}},"11":{"start":{"line":30,"column":1},"end":{"line":32,"column":null}},"12":{"start":{"line":31,"column":2},"end":{"line":31,"column":24}},"13":{"start":{"line":33,"column":0},"end":{"line":33,"column":null}},"14":{"start":{"line":35,"column":0},"end":{"line":35,"column":21}}},"fnMap":{"0":{"name":"(anonymous_0)","decl":{"start":{"line":5,"column":0},"end":{"line":5,"column":null}},"loc":{"start":{"line":5,"column":0},"end":{"line":33,"column":null}}},"1":{"name":"Queue","decl":{"start":{"line":8,"column":1},"end":{"line":8,"column":null}},"loc":{"start":{"line":8,"column":1},"end":{"line":10,"column":2}}},"2":{"name":"(anonymous_2)","decl":{"start":{"line":12,"column":1},"end":{"line":12,"column":8}},"loc":{"start":{"line":12,"column":21},"end":{"line":14,"column":2}}},"3":{"name":"(anonymous_3)","decl":{"start":{"line":16,"column":1},"end":{"line":16,"column":8}},"loc":{"start":{"line":16,"column":1},"end":{"line":20,"column":2}}},"4":{"name":"(anonymous_4)","decl":{"start":{"line":22,"column":1},"end":{"line":22,"column":8}},"loc":{"start":{"line":22,"column":1},"end":{"line":24,"column":2}}},"5":{"name":"(anonymous_5)","decl":{"start":{"line":26,"column":1},"end":{"line":26,"column":4}},"loc":{"start":{"line":26,"column":17},"end":{"line":28,"column":2}}},"6":{"name":"(anonymous_6)","decl":{"start":{"line":30,"column":1},"end":{"line":30,"column":7}},"loc":{"start":{"line":30,"column":1},"end":{"line":32,"column":2}}}},"branchMap":{"0":{"loc":{"start":{"line":17,"column":2},"end":{"line":19,"column":null}},"type":"if","locations":[{"start":{"line":17,"column":2},"end":{"line":19,"column":null}}]}},"s":{"0":2,"1":11,"2":2,"3":65,"4":2,"5":65,"6":64,"7":2,"8":130,"9":2,"10":65,"11":2,"12":65,"13":2,"14":2},"f":{"0":2,"1":11,"2":65,"3":65,"4":130,"5":65,"6":65},"b":{"0":[64]}}
,"/Users/benjaminvinnick/Desktop/mazesolver/src/stack.ts": {"path":"/Users/benjaminvinnick/Desktop/mazesolver/src/stack.ts","statementMap":{"0":{"start":{"line":5,"column":0},"end":{"line":5,"column":null}},"1":{"start":{"line":9,"column":2},"end":{"line":9,"column":18}},"2":{"start":{"line":12,"column":1},"end":{"line":14,"column":null}},"3":{"start":{"line":13,"column":2},"end":{"line":13,"column":22}},"4":{"start":{"line":16,"column":1},"end":{"line":20,"column":null}},"5":{"start":{"line":17,"column":2},"end":{"line":19,"column":null}},"6":{"start":{"line":18,"column":3},"end":{"line":18,"column":27}},"7":{"start":{"line":22,"column":1},"end":{"line":24,"column":null}},"8":{"start":{"line":23,"column":2},"end":{"line":23,"column":32}},"9":{"start":{"line":26,"column":1},"end":{"line":28,"column":null}},"10":{"start":{"line":27,"column":2},"end":{"line":27,"column":16}},"11":{"start":{"line":30,"column":1},"end":{"line":32,"column":null}},"12":{"start":{"line":31,"column":2},"end":{"line":31,"column":20}},"13":{"start":{"line":33,"column":0},"end":{"line":33,"column":null}},"14":{"start":{"line":35,"column":0},"end":{"line":35,"column":21}}},"fnMap":{"0":{"name":"(anonymous_0)","decl":{"start":{"line":5,"column":0},"end":{"line":5,"column":null}},"loc":{"start":{"line":5,"column":0},"end":{"line":33,"column":null}}},"1":{"name":"Stack","decl":{"start":{"line":8,"column":1},"end":{"line":8,"column":null}},"loc":{"start":{"line":8,"column":1},"end":{"line":10,"column":2}}},"2":{"name":"(anonymous_2)","decl":{"start":{"line":12,"column":1},"end":{"line":12,"column":5}},"loc":{"start":{"line":12,"column":18},"end":{"line":14,"column":2}}},"3":{"name":"(anonymous_3)","decl":{"start":{"line":16,"column":1},"end":{"line":16,"column":4}},"loc":{"start":{"line":16,"column":1},"end":{"line":20,"column":2}}},"4":{"name":"(anonymous_4)","decl":{"start":{"line":22,"column":1},"end":{"line":22,"column":8}},"loc":{"start":{"line":22,"column":1},"end":{"line":24,"column":2}}},"5":{"name":"(anonymous_5)","decl":{"start":{"line":26,"column":1},"end":{"line":26,"column":4}},"loc":{"start":{"line":26,"column":17},"end":{"line":28,"column":2}}},"6":{"name":"(anonymous_6)","decl":{"start":{"line":30,"column":1},"end":{"line":30,"column":7}},"loc":{"start":{"line":30,"column":1},"end":{"line":32,"column":2}}}},"branchMap":{"0":{"loc":{"start":{"line":17,"column":2},"end":{"line":19,"column":null}},"type":"if","locations":[{"start":{"line":17,"column":2},"end":{"line":19,"column":null}}]}},"s":{"0":2,"1":13,"2":2,"3":65,"4":2,"5":64,"6":63,"7":2,"8":128,"9":2,"10":65,"11":2,"12":64,"13":2,"14":2},"f":{"0":2,"1":13,"2":65,"3":64,"4":128,"5":65,"6":64},"b":{"0":[63]}}
}
