TN:
SF:src/maze.ts
FN:12,(anonymous_0)
FN:31,(anonymous_1)
FN:35,(anonymous_2)
FN:39,(anonymous_3)
FNF:4
FNH:4
FNDA:16,(anonymous_0)
FNDA:120,(anonymous_1)
FNDA:340,(anonymous_2)
FNDA:468,(anonymous_3)
DA:12,1
DA:15,16
DA:16,12
DA:17,12
DA:19,12
DA:20,12
DA:21,48
DA:22,48
DA:23,204
DA:25,48
DA:29,12
DA:31,12
DA:32,120
DA:35,12
DA:36,340
DA:39,12
DA:41,468
DA:43,220
DA:45,120
DA:46,8
DA:47,8
DA:49,112
DA:50,112
DA:54,460
DA:57,12
DA:59,123
DA:60,123
DA:61,123
DA:64,123
DA:65,8
DA:67,115
DA:68,0
DA:70,115
DA:71,115
DA:73,4
DA:79,1
LF:36
LH:35
BRDA:15,0,0,4
BRDA:15,1,0,16
BRDA:15,1,1,15
BRDA:32,2,0,8
BRDA:32,2,1,112
BRDA:32,3,0,120
BRDA:32,3,1,24
BRDA:41,4,0,220
BRDA:41,5,0,468
BRDA:41,5,1,420
BRDA:41,5,2,404
BRDA:41,5,3,362
BRDA:41,5,4,340
BRDA:43,6,0,120
BRDA:45,7,0,8
BRDA:45,7,1,112
BRDA:64,8,0,8
BRDA:67,9,0,0
BRF:18
BRH:17
end_of_record
TN:
SF:src/queue.ts
FN:5,(anonymous_0)
FN:8,Queue
FN:12,(anonymous_2)
FN:16,(anonymous_3)
FN:22,(anonymous_4)
FN:26,(anonymous_5)
FN:30,(anonymous_6)
FNF:7
FNH:7
FNDA:2,(anonymous_0)
FNDA:11,Queue
FNDA:65,(anonymous_2)
FNDA:65,(anonymous_3)
FNDA:130,(anonymous_4)
FNDA:65,(anonymous_5)
FNDA:65,(anonymous_6)
DA:5,2
DA:9,11
DA:12,2
DA:13,65
DA:16,2
DA:17,65
DA:18,64
DA:22,2
DA:23,130
DA:26,2
DA:27,65
DA:30,2
DA:31,65
DA:33,2
DA:35,2
LF:15
LH:15
BRDA:17,0,0,64
BRF:1
BRH:1
end_of_record
TN:
SF:src/stack.ts
FN:5,(anonymous_0)
FN:8,Stack
FN:12,(anonymous_2)
FN:16,(anonymous_3)
FN:22,(anonymous_4)
FN:26,(anonymous_5)
FN:30,(anonymous_6)
FNF:7
FNH:7
FNDA:2,(anonymous_0)
FNDA:13,Stack
FNDA:65,(anonymous_2)
FNDA:64,(anonymous_3)
FNDA:128,(anonymous_4)
FNDA:65,(anonymous_5)
FNDA:64,(anonymous_6)
DA:5,2
DA:9,13
DA:12,2
DA:13,65
DA:16,2
DA:17,64
DA:18,63
DA:22,2
DA:23,128
DA:26,2
DA:27,65
DA:30,2
DA:31,64
DA:33,2
DA:35,2
LF:15
LH:15
BRDA:17,0,0,63
BRF:1
BRH:1
end_of_record
