TN:
SF:src/maze.ts
FN:12,(anonymous_0)
FN:31,(anonymous_1)
FN:35,(anonymous_2)
FN:39,(anonymous_3)
FNF:4
FNH:4
FNDA:18,(anonymous_0)
FNDA:247,(anonymous_1)
FNDA:743,(anonymous_2)
FNDA:915,(anonymous_3)
DA:12,1
DA:15,18
DA:16,14
DA:17,14
DA:19,14
DA:20,14
DA:21,68
DA:22,68
DA:23,404
DA:25,68
DA:29,14
DA:31,14
DA:32,247
DA:35,14
DA:36,743
DA:39,14
DA:41,915
DA:43,553
DA:45,247
DA:46,10
DA:47,10
DA:49,237
DA:50,237
DA:54,905
DA:57,14
DA:59,231
DA:60,231
DA:61,231
DA:64,231
DA:65,231
DA:66,231
DA:67,9
DA:69,222
DA:70,1
DA:73,4
DA:79,1
LF:36
LH:36
BRDA:15,0,0,4
BRDA:15,1,0,18
BRDA:15,1,1,17
BRDA:32,2,0,10
BRDA:32,2,1,237
BRDA:32,3,0,247
BRDA:32,3,1,35
BRDA:41,4,0,553
BRDA:41,5,0,915
BRDA:41,5,1,851
BRDA:41,5,2,826
BRDA:41,5,3,775
BRDA:41,5,4,743
BRDA:43,6,0,247
BRDA:45,7,0,10
BRDA:45,7,1,237
BRDA:66,8,0,9
BRDA:69,9,0,1
BRF:18
BRH:18
end_of_record
TN:
SF:src/queue.ts
FN:5,(anonymous_0)
FN:8,Queue
FN:12,(anonymous_2)
FN:16,(anonymous_3)
FN:22,(anonymous_4)
FN:26,(anonymous_5)
FN:30,(anonymous_6)
FNF:7
FNH:7
FNDA:2,(anonymous_0)
FNDA:12,Queue
FNDA:149,(anonymous_2)
FNDA:147,(anonymous_3)
FNDA:294,(anonymous_4)
FNDA:149,(anonymous_5)
FNDA:147,(anonymous_6)
DA:5,2
DA:9,12
DA:12,2
DA:13,149
DA:16,2
DA:17,147
DA:18,146
DA:22,2
DA:23,294
DA:26,2
DA:27,149
DA:30,2
DA:31,147
DA:33,2
DA:35,2
LF:15
LH:15
BRDA:17,0,0,146
BRF:1
BRH:1
end_of_record
TN:
SF:src/stack.ts
FN:5,(anonymous_0)
FN:8,Stack
FN:12,(anonymous_2)
FN:16,(anonymous_3)
FN:22,(anonymous_4)
FN:26,(anonymous_5)
FN:30,(anonymous_6)
FNF:7
FNH:7
FNDA:2,(anonymous_0)
FNDA:14,Stack
FNDA:108,(anonymous_2)
FNDA:90,(anonymous_3)
FNDA:180,(anonymous_4)
FNDA:108,(anonymous_5)
FNDA:90,(anonymous_6)
DA:5,2
DA:9,14
DA:12,2
DA:13,108
DA:16,2
DA:17,90
DA:18,89
DA:22,2
DA:23,180
DA:26,2
DA:27,108
DA:30,2
DA:31,90
DA:33,2
DA:35,2
LF:15
LH:15
BRDA:17,0,0,89
BRF:1
BRH:1
end_of_record
